<?xml version="1.0" encoding="UTF-8"?>
<!-- Generated by org.testng.reporters.JUnitReportReporter -->
<testsuite hostname="MSI" failures="0" tests="1" name="com.crm.qa.testcases.HomePageTests" time="49.655" errors="0" timestamp="2025-01-21T18:00:05 IST" skipped="0">
  <testcase classname="com.crm.qa.testcases.HomePageTests" name="clickTest" time="49.655"/>
</testsuite> <!-- com.crm.qa.testcases.HomePageTests -->
