<?xml version="1.0" encoding="UTF-8"?>
<!-- Generated by org.testng.reporters.JUnitReportReporter -->
<testsuite hostname="MSI" failures="0" tests="1" name="com.crm.qa.testcases.TasksPageTests" time="43.068" errors="0" timestamp="2025-01-22T20:25:42 IST" skipped="0">
  <testcase classname="com.crm.qa.testcases.TasksPageTests" name="verifyKeyWordSearch" time="43.068"/>
</testsuite> <!-- com.crm.qa.testcases.TasksPageTests -->
