<?xml version="1.0" encoding="UTF-8"?>
<!-- Generated by org.testng.reporters.JUnitReportReporter -->
<testsuite hostname="MSI" failures="0" tests="2" name="com.crm.qa.testcases.LoginPageTest" time="41.237" errors="0" timestamp="2025-02-02T12:23:00 IST" skipped="0">
  <testcase classname="com.crm.qa.testcases.LoginPageTest" name="TestTitle" time="12.766"/>
  <testcase classname="com.crm.qa.testcases.LoginPageTest" name="TestLogin" time="28.471"/>
</testsuite> <!-- com.crm.qa.testcases.LoginPageTest -->
